c:\users\wp\downloads\grk\upload\cw 6\debug\vc143.pdb
c:\users\wp\downloads\grk\upload\cw 6\debug\vc143.idb
c:\users\wp\downloads\grk\upload\cw 6\debug\texture.obj
c:\users\wp\downloads\grk\upload\cw 6\debug\shader_loader.obj
c:\users\wp\downloads\grk\upload\cw 6\debug\render_utils.obj
c:\users\wp\downloads\grk\upload\cw 6\debug\main.obj
c:\users\wp\downloads\grk\upload\cw 6\debug\camera.obj
c:\users\wp\downloads\grk\upload\cw 6\debug\box.obj
c:\users\wp\downloads\grk\upload\cw 6\debug\stb_image_aug.obj
c:\users\wp\downloads\grk\upload\cw 6\debug\soil.obj
c:\users\wp\downloads\grk\upload\cw 6\debug\image_helper.obj
c:\users\wp\downloads\grk\upload\cw 6\debug\image_dxt.obj
c:\users\wp\downloads\grk\upload\debug\grk-cw6.exe
c:\users\wp\downloads\grk\upload\debug\grk-cw6.pdb
c:\users\wp\downloads\grk\upload\cw 6\debug\grk-cw6.tlog\cl.command.1.tlog
c:\users\wp\downloads\grk\upload\cw 6\debug\grk-cw6.tlog\cl.items.tlog
c:\users\wp\downloads\grk\upload\cw 6\debug\grk-cw6.tlog\cl.read.1.tlog
c:\users\wp\downloads\grk\upload\cw 6\debug\grk-cw6.tlog\cl.write.1.tlog
c:\users\wp\downloads\grk\upload\cw 6\debug\grk-cw6.tlog\link.command.1.tlog
c:\users\wp\downloads\grk\upload\cw 6\debug\grk-cw6.tlog\link.read.1.tlog
c:\users\wp\downloads\grk\upload\cw 6\debug\grk-cw6.tlog\link.secondary.1.tlog
c:\users\wp\downloads\grk\upload\cw 6\debug\grk-cw6.tlog\link.write.1.tlog
