  Box.cpp
  Camera.cpp
  main.cpp
C:\Program Files (x86)\Windows Kits\10\Include\10.0.22621.0\shared\minwindef.h(130,9): warning C4005: "APIENTRY": ponowna definicja makra
  (kompilowanie pliku źródłowego „src/main.cpp”)
      C:\Users\oskar\OneDrive\Pulpit\-MineralResourcesProject\dependencies\glfw-3.3.8.bin.WIN32\include\GLFW\glfw3.h(123,11):
      zobacz poprzednią definicję „APIENTRY”
  
C:\Users\oskar\OneDrive\Pulpit\-MineralResourcesProject\cw 6\src\ex_6_1.hpp(424,35): warning C4244: "-=": konwersja z "double" do "float", możliwa utrata danych
  (kompilowanie pliku źródłowego „src/main.cpp”)
  
  Render_Utils.cpp
  Shader_Loader.cpp
  Texture.cpp
  tiny_obj_loader.cc
  Generowanie kodu...
  image_DXT.c
C:\Users\oskar\OneDrive\Pulpit\-MineralResourcesProject\cw 6\src\SOIL\image_DXT.c(92,9): warning C4996: 'fopen': This function or variable may be unsafe. Consider using fopen_s instead. To disable deprecation, use _CRT_SECURE_NO_WARNINGS. See online help for details.
  image_helper.c
C:\Users\oskar\OneDrive\Pulpit\-MineralResourcesProject\cw 6\src\SOIL\image_helper.c(325,17): warning C4244: "inicjowanie": konwersja z "double" do "float", możliwa utrata danych
C:\Users\oskar\OneDrive\Pulpit\-MineralResourcesProject\cw 6\src\SOIL\image_helper.c(366,13): warning C4244: "=": konwersja z "double" do "float", możliwa utrata danych
C:\Users\oskar\OneDrive\Pulpit\-MineralResourcesProject\cw 6\src\SOIL\image_helper.c(373,20): warning C4244: "=": konwersja z "float" do "int", możliwa utrata danych
C:\Users\oskar\OneDrive\Pulpit\-MineralResourcesProject\cw 6\src\SOIL\image_helper.c(415,13): warning C4244: "=": konwersja z "double" do "float", możliwa utrata danych
C:\Users\oskar\OneDrive\Pulpit\-MineralResourcesProject\cw 6\src\SOIL\image_helper.c(422,20): warning C4244: "=": konwersja z "float" do "int", możliwa utrata danych
  SOIL.c
C:\Users\oskar\OneDrive\Pulpit\-MineralResourcesProject\cw 6\src\SOIL\SOIL.c(1719,36): warning C4018: "<=": niezgodność typu ze znakiem/bez znaku
C:\Users\oskar\OneDrive\Pulpit\-MineralResourcesProject\cw 6\src\SOIL\SOIL.c(1729,19): warning C4018: "<": niezgodność typu ze znakiem/bez znaku
C:\Users\oskar\OneDrive\Pulpit\-MineralResourcesProject\cw 6\src\SOIL\SOIL.c(1841,6): warning C4996: 'fopen': This function or variable may be unsafe. Consider using fopen_s instead. To disable deprecation, use _CRT_SECURE_NO_WARNINGS. See online help for details.
  stb_image_aug.c
C:\Users\oskar\OneDrive\Pulpit\-MineralResourcesProject\cw 6\src\SOIL\stbi_DDS_aug_c.h(362,19): warning C4018: ">": niezgodność typu ze znakiem/bez znaku
  (kompilowanie pliku źródłowego „src/SOIL/stb_image_aug.c”)
  
C:\Users\oskar\OneDrive\Pulpit\-MineralResourcesProject\cw 6\src\SOIL\stbi_DDS_aug_c.h(366,19): warning C4018: ">": niezgodność typu ze znakiem/bez znaku
  (kompilowanie pliku źródłowego „src/SOIL/stb_image_aug.c”)
  
C:\Users\oskar\OneDrive\Pulpit\-MineralResourcesProject\cw 6\src\SOIL\stbi_DDS_aug_c.h(390,19): warning C4018: "<": niezgodność typu ze znakiem/bez znaku
  (kompilowanie pliku źródłowego „src/SOIL/stb_image_aug.c”)
  
C:\Users\oskar\OneDrive\Pulpit\-MineralResourcesProject\cw 6\src\SOIL\stbi_DDS_aug_c.h(427,19): warning C4018: "<": niezgodność typu ze znakiem/bez znaku
  (kompilowanie pliku źródłowego „src/SOIL/stb_image_aug.c”)
  
  Generowanie kodu...
Box.obj : warning LNK4075: zignorowano opcję „/EDITANDCONTINUE” z powodu określenia opcji „/INCREMENTAL:NO”
LINK : warning LNK4098: domyślna biblioteka „MSVCRT” powoduje konflikt z innymi bibliotekami; użyj opcji /NODEFAULTLIB:biblioteka
  grk-cw6.vcxproj -> C:\Users\oskar\OneDrive\Pulpit\-MineralResourcesProject\Debug\grk-cw6.exe
